{"C:\\Users\\USUARIO\\Desktop\\parcial\\Calidad-software-taller\\src\\calculator.js": {"path":"C:\\Users\\USUARIO\\Desktop\\parcial\\Calidad-software-taller\\src\\calculator.js","statementMap":{"0":{"start":{"line":8,"column":2},"end":{"line":8,"column":15}},"1":{"start":{"line":11,"column":0},"end":{"line":13,"column":2}}},"fnMap":{"0":{"name":"add","decl":{"start":{"line":7,"column":9},"end":{"line":7,"column":12}},"loc":{"start":{"line":7,"column":19},"end":{"line":9,"column":1}},"line":7}},"branchMap":{},"s":{"0":2,"1":2},"f":{"0":2},"b":{},"_coverageSchema":"1a1c01bbd47fc00a2c39e90264f33305004495a9","hash":"8ebb6fac99ef6252571ab171111d0215b06c91b6"}
}
